# JRE version: OpenJDK Runtime Environment Temurin-17.0.7+7 (17.0.7+7) (build 17.0.7+7)
# Java VM: OpenJDK 64-Bit Server VM Temurin-17.0.7+7 (17.0.7+7, mixed mode, sharing, tiered, compressed oops, compressed class ptrs, g1 gc, windows-amd64)
GC Precious Log:
 CPUs: 8 total, 8 available
 Memory: 16235M
 Large Page Support: Disabled
 NUMA Support: Disabled
 Compressed Oops: Enabled (Zero based)
 Heap Region Size: 4M
 Heap Min Capacity: 8M
 Heap Initial Capacity: 256M
 Heap Max Capacity: 5G
 Pre-touch: Disabled
 Parallel Workers: 8
 Concurrent Workers: 2
 Concurrent Refinement Workers: 8
 Periodic GC: Disabled
Heap:
 garbage-first heap   total 294912K, used 225280K [0x00000006c0000000, 0x0000000800000000)
  region size 4096K, 1 young (4096K), 1 survivors (4096K)
 Metaspace       used 56589K, committed 57152K, reserved 1114112K
  class space    used 7677K, committed 7936K, reserved 1048576K
GC Heap History (20 events):
Event: 7.491 GC heap after
{Heap after GC invocations=15 (full 0):
 garbage-first heap   total 126976K, used 48774K [0x00000006c0000000, 0x0000000800000000)
  region size 4096K, 1 young (4096K), 1 survivors (4096K)
 Metaspace       used 55986K, committed 56512K, reserved 1114112K
  class space    used 7606K, committed 7872K, reserved 1048576K
}
Event: 7.698 GC heap before
{Heap before GC invocations=15 (full 0):
 garbage-first heap   total 126976K, used 73350K [0x00000006c0000000, 0x0000000800000000)
  region size 4096K, 3 young (12288K), 1 survivors (4096K)
 Metaspace       used 55993K, committed 56512K, reserved 1114112K
  class space    used 7606K, committed 7872K, reserved 1048576K
}
Event: 7.700 GC heap after
{Heap after GC invocations=16 (full 0):
 garbage-first heap   total 155648K, used 48619K [0x00000006c0000000, 0x0000000800000000)
  region size 4096K, 1 young (4096K), 1 survivors (4096K)
 Metaspace       used 55993K, committed 56512K, reserved 1114112K
  class space    used 7606K, committed 7872K, reserved 1048576K
}
Event: 7.793 GC heap before
{Heap before GC invocations=16 (full 0):
 garbage-first heap   total 155648K, used 73195K [0x00000006c0000000, 0x0000000800000000)
  region size 4096K, 2 young (8192K), 1 survivors (4096K)
 Metaspace       used 55996K, committed 56576K, reserved 1114112K
  class space    used 7606K, committed 7872K, reserved 1048576K
}
Event: 7.796 GC heap after
{Heap after GC invocations=17 (full 0):
 garbage-first heap   total 155648K, used 48765K [0x00000006c0000000, 0x0000000800000000)
  region size 4096K, 1 young (4096K), 1 survivors (4096K)
 Metaspace       used 55996K, committed 56576K, reserved 1114112K
  class space    used 7606K, committed 7872K, reserved 1048576K
}
Event: 7.951 GC heap before
{Heap before GC invocations=17 (full 0):
 garbage-first heap   total 155648K, used 73341K [0x00000006c0000000, 0x0000000800000000)
  region size 4096K, 4 young (16384K), 1 survivors (4096K)
 Metaspace       used 56322K, committed 56832K, reserved 1114112K
  class space    used 7649K, committed 7872K, reserved 1048576K
}
Event: 7.955 GC heap after
{Heap after GC invocations=18 (full 0):
 garbage-first heap   total 155648K, used 51119K [0x00000006c0000000, 0x0000000800000000)
  region size 4096K, 2 young (8192K), 2 survivors (8192K)
 Metaspace       used 56322K, committed 56832K, reserved 1114112K
  class space    used 7649K, committed 7872K, reserved 1048576K
}
Event: 8.198 GC heap before
{Heap before GC invocations=18 (full 0):
 garbage-first heap   total 155648K, used 133039K [0x00000006c0000000, 0x0000000800000000)
  region size 4096K, 18 young (73728K), 2 survivors (8192K)
 Metaspace       used 56456K, committed 56960K, reserved 1114112K
  class space    used 7660K, committed 7872K, reserved 1048576K
}
Event: 8.229 GC heap after
{Heap after GC invocations=19 (full 0):
 garbage-first heap   total 188416K, used 101146K [0x00000006c0000000, 0x0000000800000000)
  region size 4096K, 3 young (12288K), 3 survivors (12288K)
 Metaspace       used 56456K, committed 56960K, reserved 1114112K
  class space    used 7660K, committed 7872K, reserved 1048576K
}
Event: 8.316 GC heap before
{Heap before GC invocations=19 (full 0):
 garbage-first heap   total 188416K, used 133914K [0x00000006c0000000, 0x0000000800000000)
  region size 4096K, 11 young (45056K), 3 survivors (12288K)
 Metaspace       used 56456K, committed 56960K, reserved 1114112K
  class space    used 7660K, committed 7872K, reserved 1048576K
}
Event: 8.334 GC heap after
{Heap after GC invocations=20 (full 0):
 garbage-first heap   total 278528K, used 123524K [0x00000006c0000000, 0x0000000800000000)
  region size 4096K, 2 young (8192K), 2 survivors (8192K)
 Metaspace       used 56456K, committed 56960K, reserved 1114112K
  class space    used 7660K, committed 7872K, reserved 1048576K
}
Event: 8.460 GC heap before
{Heap before GC invocations=20 (full 0):
 garbage-first heap   total 294912K, used 176772K [0x00000006c0000000, 0x0000000800000000)
  region size 4096K, 15 young (61440K), 2 survivors (8192K)
 Metaspace       used 56566K, committed 57088K, reserved 1114112K
  class space    used 7674K, committed 7936K, reserved 1048576K
}
Event: 8.484 GC heap after
{Heap after GC invocations=21 (full 0):
 garbage-first heap   total 294912K, used 161500K [0x00000006c0000000, 0x0000000800000000)
  region size 4096K, 2 young (8192K), 2 survivors (8192K)
 Metaspace       used 56566K, committed 57088K, reserved 1114112K
  class space    used 7674K, committed 7936K, reserved 1048576K
}
Event: 8.661 GC heap before
{Heap before GC invocations=22 (full 0):
 garbage-first heap   total 294912K, used 227036K [0x00000006c0000000, 0x0000000800000000)
  region size 4096K, 12 young (49152K), 2 survivors (8192K)
 Metaspace       used 56588K, committed 57152K, reserved 1114112K
  class space    used 7677K, committed 7936K, reserved 1048576K
}
Event: 8.688 GC heap after
{Heap after GC invocations=23 (full 0):
 garbage-first heap   total 294912K, used 194919K [0x00000006c0000000, 0x0000000800000000)
  region size 4096K, 2 young (8192K), 2 survivors (8192K)
 Metaspace       used 56588K, committed 57152K, reserved 1114112K
  class space    used 7677K, committed 7936K, reserved 1048576K
}
Event: 8.697 GC heap before
{Heap before GC invocations=23 (full 0):
 garbage-first heap   total 294912K, used 194919K [0x00000006c0000000, 0x0000000800000000)
  region size 4096K, 3 young (12288K), 2 survivors (8192K)
 Metaspace       used 56589K, committed 57152K, reserved 1114112K
  class space    used 7677K, committed 7936K, reserved 1048576K
}
Event: 8.710 GC heap after
{Heap after GC invocations=24 (full 0):
 garbage-first heap   total 294912K, used 200704K [0x00000006c0000000, 0x0000000800000000)
  region size 4096K, 1 young (4096K), 1 survivors (4096K)
 Metaspace       used 56589K, committed 57152K, reserved 1114112K
  class space    used 7677K, committed 7936K, reserved 1048576K
}
Event: 8.740 GC heap before
{Heap before GC invocations=24 (full 0):
 garbage-first heap   total 294912K, used 217088K [0x00000006c0000000, 0x0000000800000000)
  region size 4096K, 6 young (24576K), 1 survivors (4096K)
 Metaspace       used 56589K, committed 57152K, reserved 1114112K
  class space    used 7677K, committed 7936K, reserved 1048576K
}
Event: 8.748 GC heap after
{Heap after GC invocations=25 (full 0):
 garbage-first heap   total 294912K, used 215920K [0x00000006c0000000, 0x0000000800000000)
  region size 4096K, 1 young (4096K), 1 survivors (4096K)
 Metaspace       used 56589K, committed 57152K, reserved 1114112K
  class space    used 7677K, committed 7936K, reserved 1048576K
}
Event: 8.755 GC heap before
{Heap before GC invocations=25 (full 0):
 garbage-first heap   total 294912K, used 228208K [0x00000006c0000000, 0x0000000800000000)
  region size 4096K, 4 young (16384K), 1 survivors (4096K)
 Metaspace       used 56589K, committed 57152K, reserved 1114112K
  class space    used 7677K, committed 7936K, reserved 1048576K
}

