# JRE version: OpenJDK Runtime Environment Temurin-17.0.7+7 (17.0.7+7) (build 17.0.7+7)
# Java VM: OpenJDK 64-Bit Server VM Temurin-17.0.7+7 (17.0.7+7, mixed mode, sharing, tiered, compressed oops, compressed class ptrs, g1 gc, windows-amd64)
GC Precious Log:
 CPUs: 8 total, 8 available
 Memory: 16235M
 Large Page Support: Disabled
 NUMA Support: Disabled
 Compressed Oops: Enabled (Zero based)
 Heap Region Size: 2M
 Heap Min Capacity: 8M
 Heap Initial Capacity: 254M
 Heap Max Capacity: 3G
 Pre-touch: Disabled
 Parallel Workers: 8
 Concurrent Workers: 2
 Concurrent Refinement Workers: 8
 Periodic GC: Disabled
Heap:
 garbage-first heap   total 542720K, used 374618K [0x0000000740000000, 0x0000000800000000)
  region size 2048K, 5 young (10240K), 5 survivors (10240K)
 Metaspace       used 77680K, committed 78784K, reserved 1179648K
  class space    used 10440K, committed 10944K, reserved 1048576K
GC Heap History (20 events):
Event: 881.246 GC heap after
{Heap after GC invocations=49 (full 0):
 garbage-first heap   total 471040K, used 241297K [0x0000000740000000, 0x0000000800000000)
  region size 2048K, 2 young (4096K), 2 survivors (4096K)
 Metaspace       used 73473K, committed 74368K, reserved 1114112K
  class space    used 9915K, committed 10368K, reserved 1048576K
}
Event: 881.423 GC heap before
{Heap before GC invocations=49 (full 0):
 garbage-first heap   total 471040K, used 327313K [0x0000000740000000, 0x0000000800000000)
  region size 2048K, 44 young (90112K), 2 survivors (4096K)
 Metaspace       used 73531K, committed 74432K, reserved 1114112K
  class space    used 9916K, committed 10368K, reserved 1048576K
}
Event: 881.427 GC heap after
{Heap after GC invocations=50 (full 0):
 garbage-first heap   total 471040K, used 241326K [0x0000000740000000, 0x0000000800000000)
  region size 2048K, 2 young (4096K), 2 survivors (4096K)
 Metaspace       used 73531K, committed 74432K, reserved 1114112K
  class space    used 9916K, committed 10368K, reserved 1048576K
}
Event: 882.415 GC heap before
{Heap before GC invocations=51 (full 0):
 garbage-first heap   total 471040K, used 229444K [0x0000000740000000, 0x0000000800000000)
  region size 2048K, 50 young (102400K), 2 survivors (4096K)
 Metaspace       used 75435K, committed 76416K, reserved 1179648K
  class space    used 10149K, committed 10624K, reserved 1048576K
}
Event: 882.418 GC heap after
{Heap after GC invocations=52 (full 0):
 garbage-first heap   total 471040K, used 133170K [0x0000000740000000, 0x0000000800000000)
  region size 2048K, 3 young (6144K), 3 survivors (6144K)
 Metaspace       used 75435K, committed 76416K, reserved 1179648K
  class space    used 10149K, committed 10624K, reserved 1048576K
}
Event: 882.442 GC heap before
{Heap before GC invocations=52 (full 0):
 garbage-first heap   total 471040K, used 149554K [0x0000000740000000, 0x0000000800000000)
  region size 2048K, 11 young (22528K), 3 survivors (6144K)
 Metaspace       used 75440K, committed 76416K, reserved 1179648K
  class space    used 10149K, committed 10624K, reserved 1048576K
}
Event: 882.445 GC heap after
{Heap after GC invocations=53 (full 0):
 garbage-first heap   total 471040K, used 129569K [0x0000000740000000, 0x0000000800000000)
  region size 2048K, 1 young (2048K), 1 survivors (2048K)
 Metaspace       used 75440K, committed 76416K, reserved 1179648K
  class space    used 10149K, committed 10624K, reserved 1048576K
}
Event: 882.748 GC heap before
{Heap before GC invocations=53 (full 0):
 garbage-first heap   total 471040K, used 170529K [0x0000000740000000, 0x0000000800000000)
  region size 2048K, 22 young (45056K), 1 survivors (2048K)
 Metaspace       used 76841K, committed 77760K, reserved 1179648K
  class space    used 10357K, committed 10816K, reserved 1048576K
}
Event: 882.753 GC heap after
{Heap after GC invocations=54 (full 0):
 garbage-first heap   total 1357824K, used 130787K [0x0000000740000000, 0x0000000800000000)
  region size 2048K, 1 young (2048K), 1 survivors (2048K)
 Metaspace       used 76841K, committed 77760K, reserved 1179648K
  class space    used 10357K, committed 10816K, reserved 1048576K
}
Event: 883.995 GC heap before
{Heap before GC invocations=55 (full 0):
 garbage-first heap   total 505856K, used 452323K [0x0000000740000000, 0x0000000800000000)
  region size 2048K, 98 young (200704K), 1 survivors (2048K)
 Metaspace       used 77681K, committed 78720K, reserved 1179648K
  class space    used 10456K, committed 10944K, reserved 1048576K
}
Event: 884.048 GC heap after
{Heap after GC invocations=56 (full 0):
 garbage-first heap   total 542720K, used 217286K [0x0000000740000000, 0x0000000800000000)
  region size 2048K, 41 young (83968K), 41 survivors (83968K)
 Metaspace       used 77681K, committed 78720K, reserved 1179648K
  class space    used 10456K, committed 10944K, reserved 1048576K
}
Event: 884.053 GC heap before
{Heap before GC invocations=56 (full 0):
 garbage-first heap   total 542720K, used 219334K [0x0000000740000000, 0x0000000800000000)
  region size 2048K, 42 young (86016K), 41 survivors (83968K)
 Metaspace       used 77681K, committed 78720K, reserved 1179648K
  class space    used 10456K, committed 10944K, reserved 1048576K
}
Event: 884.102 GC heap after
{Heap after GC invocations=57 (full 0):
 garbage-first heap   total 542720K, used 223656K [0x0000000740000000, 0x0000000800000000)
  region size 2048K, 4 young (8192K), 4 survivors (8192K)
 Metaspace       used 77681K, committed 78720K, reserved 1179648K
  class space    used 10456K, committed 10944K, reserved 1048576K
}
Event: 884.230 GC heap before
{Heap before GC invocations=57 (full 0):
 garbage-first heap   total 542720K, used 278952K [0x0000000740000000, 0x0000000800000000)
  region size 2048K, 32 young (65536K), 4 survivors (8192K)
 Metaspace       used 77778K, committed 78784K, reserved 1179648K
  class space    used 10468K, committed 10944K, reserved 1048576K
}
Event: 884.263 GC heap after
{Heap after GC invocations=58 (full 0):
 garbage-first heap   total 542720K, used 257882K [0x0000000740000000, 0x0000000800000000)
  region size 2048K, 9 young (18432K), 9 survivors (18432K)
 Metaspace       used 77778K, committed 78784K, reserved 1179648K
  class space    used 10468K, committed 10944K, reserved 1048576K
}
Event: 884.602 GC heap before
{Heap before GC invocations=59 (full 0):
 garbage-first heap   total 542720K, used 388954K [0x0000000740000000, 0x0000000800000000)
  region size 2048K, 60 young (122880K), 9 survivors (18432K)
 Metaspace       used 77680K, committed 78784K, reserved 1179648K
  class space    used 10440K, committed 10944K, reserved 1048576K
}
Event: 884.660 GC heap after
{Heap after GC invocations=60 (full 0):
 garbage-first heap   total 542720K, used 328999K [0x0000000740000000, 0x0000000800000000)
  region size 2048K, 8 young (16384K), 8 survivors (16384K)
 Metaspace       used 77680K, committed 78784K, reserved 1179648K
  class space    used 10440K, committed 10944K, reserved 1048576K
}
Event: 884.686 GC heap before
{Heap before GC invocations=60 (full 0):
 garbage-first heap   total 542720K, used 339239K [0x0000000740000000, 0x0000000800000000)
  region size 2048K, 13 young (26624K), 8 survivors (16384K)
 Metaspace       used 77680K, committed 78784K, reserved 1179648K
  class space    used 10440K, committed 10944K, reserved 1048576K
}
Event: 884.712 GC heap after
{Heap after GC invocations=61 (full 0):
 garbage-first heap   total 542720K, used 331610K [0x0000000740000000, 0x0000000800000000)
  region size 2048K, 2 young (4096K), 2 survivors (4096K)
 Metaspace       used 77680K, committed 78784K, reserved 1179648K
  class space    used 10440K, committed 10944K, reserved 1048576K
}
Event: 884.785 GC heap before
{Heap before GC invocations=61 (full 0):
 garbage-first heap   total 542720K, used 386906K [0x0000000740000000, 0x0000000800000000)
  region size 2048K, 30 young (61440K), 2 survivors (4096K)
 Metaspace       used 77680K, committed 78784K, reserved 1179648K
  class space    used 10440K, committed 10944K, reserved 1048576K
}

